mode: atomic
github.com/mattermost/mattermost-plugin-jira/server/main.go:7.13,9.2 1 0
github.com/mattermost/mattermost-plugin-jira/server/plugin.go:20.87,21.54 1 13
github.com/mattermost/mattermost-plugin-jira/server/plugin.go:35.2,37.65 2 8
github.com/mattermost/mattermost-plugin-jira/server/plugin.go:21.54,24.3 2 2
github.com/mattermost/mattermost-plugin-jira/server/plugin.go:24.8,24.37 1 11
github.com/mattermost/mattermost-plugin-jira/server/plugin.go:24.37,27.3 2 1
github.com/mattermost/mattermost-plugin-jira/server/plugin.go:27.8,27.40 1 10
github.com/mattermost/mattermost-plugin-jira/server/plugin.go:27.40,30.3 2 1
github.com/mattermost/mattermost-plugin-jira/server/plugin.go:30.8,30.99 1 9
github.com/mattermost/mattermost-plugin-jira/server/plugin.go:30.99,33.3 2 1
github.com/mattermost/mattermost-plugin-jira/server/plugin.go:37.65,39.3 1 1
github.com/mattermost/mattermost-plugin-jira/server/plugin.go:39.8,39.69 1 7
github.com/mattermost/mattermost-plugin-jira/server/plugin.go:39.69,41.3 1 0
github.com/mattermost/mattermost-plugin-jira/server/plugin.go:41.8,41.30 1 7
github.com/mattermost/mattermost-plugin-jira/server/plugin.go:41.30,43.3 1 1
github.com/mattermost/mattermost-plugin-jira/server/plugin.go:43.8,43.47 1 6
github.com/mattermost/mattermost-plugin-jira/server/plugin.go:43.47,45.3 1 1
github.com/mattermost/mattermost-plugin-jira/server/plugin.go:45.8,45.73 1 5
github.com/mattermost/mattermost-plugin-jira/server/plugin.go:45.73,47.3 1 1
github.com/mattermost/mattermost-plugin-jira/server/plugin.go:47.8,47.138 1 4
github.com/mattermost/mattermost-plugin-jira/server/plugin.go:47.138,49.3 1 2
github.com/mattermost/mattermost-plugin-jira/server/plugin.go:49.8,58.17 1 2
github.com/mattermost/mattermost-plugin-jira/server/plugin.go:58.17,60.3 1 1
github.com/mattermost/mattermost-plugin-jira/server/webhook.go:58.69,59.24 1 12
github.com/mattermost/mattermost-plugin-jira/server/webhook.go:80.2,84.16 2 10
github.com/mattermost/mattermost-plugin-jira/server/webhook.go:88.2,98.16 2 10
github.com/mattermost/mattermost-plugin-jira/server/webhook.go:102.2,103.44 2 10
github.com/mattermost/mattermost-plugin-jira/server/webhook.go:120.2,126.8 1 10
github.com/mattermost/mattermost-plugin-jira/server/webhook.go:60.28,60.28 0 7
github.com/mattermost/mattermost-plugin-jira/server/webhook.go:61.28,63.44 2 3
github.com/mattermost/mattermost-plugin-jira/server/webhook.go:69.3,69.26 1 3
github.com/mattermost/mattermost-plugin-jira/server/webhook.go:72.28,73.39 1 1
github.com/mattermost/mattermost-plugin-jira/server/webhook.go:76.10,77.18 1 1
github.com/mattermost/mattermost-plugin-jira/server/webhook.go:63.44,64.36 1 2
github.com/mattermost/mattermost-plugin-jira/server/webhook.go:64.36,66.10 2 2
github.com/mattermost/mattermost-plugin-jira/server/webhook.go:69.26,71.4 1 1
github.com/mattermost/mattermost-plugin-jira/server/webhook.go:73.39,75.4 1 0
github.com/mattermost/mattermost-plugin-jira/server/webhook.go:84.16,86.3 1 0
github.com/mattermost/mattermost-plugin-jira/server/webhook.go:98.16,100.3 1 0
github.com/mattermost/mattermost-plugin-jira/server/webhook.go:103.44,104.37 1 7
github.com/mattermost/mattermost-plugin-jira/server/webhook.go:111.3,111.37 1 7
github.com/mattermost/mattermost-plugin-jira/server/webhook.go:104.37,110.4 1 7
github.com/mattermost/mattermost-plugin-jira/server/webhook.go:111.37,117.4 1 7
github.com/mattermost/mattermost-plugin-jira/server/webhook.go:129.36,131.13 2 22
github.com/mattermost/mattermost-plugin-jira/server/webhook.go:134.2,134.27 1 22
github.com/mattermost/mattermost-plugin-jira/server/webhook.go:131.13,133.3 1 0
github.com/mattermost/mattermost-plugin-jira/server/webhook.go:137.62,140.44 2 20
github.com/mattermost/mattermost-plugin-jira/server/webhook.go:153.2,154.16 2 20
github.com/mattermost/mattermost-plugin-jira/server/webhook.go:158.2,167.17 2 20
github.com/mattermost/mattermost-plugin-jira/server/webhook.go:170.2,170.26 1 20
github.com/mattermost/mattermost-plugin-jira/server/webhook.go:140.44,141.44 1 4
github.com/mattermost/mattermost-plugin-jira/server/webhook.go:141.44,142.36 1 4
github.com/mattermost/mattermost-plugin-jira/server/webhook.go:142.36,143.57 1 4
github.com/mattermost/mattermost-plugin-jira/server/webhook.go:148.5,148.10 1 4
github.com/mattermost/mattermost-plugin-jira/server/webhook.go:143.57,145.6 1 2
github.com/mattermost/mattermost-plugin-jira/server/webhook.go:145.11,145.64 1 2
github.com/mattermost/mattermost-plugin-jira/server/webhook.go:145.64,147.6 1 2
github.com/mattermost/mattermost-plugin-jira/server/webhook.go:154.16,156.3 1 0
github.com/mattermost/mattermost-plugin-jira/server/webhook.go:167.17,169.3 1 0
